{"/Users/sachintalekar/Documents/2.0/BelleVie/node-express-TS-boilerplate/src/app.ts": {"path":"/Users/sachintalekar/Documents/2.0/BelleVie/node-express-TS-boilerplate/src/app.ts","statementMap":{"0":{"start":{"line":1,"column":0},"end":{"line":1,"column":37}},"1":{"start":{"line":2,"column":0},"end":{"line":2,"column":23}},"2":{"start":{"line":3,"column":0},"end":{"line":3,"column":29}},"3":{"start":{"line":4,"column":0},"end":{"line":4,"column":42}},"4":{"start":{"line":5,"column":0},"end":{"line":5,"column":27}},"5":{"start":{"line":6,"column":0},"end":{"line":6,"column":42}},"6":{"start":{"line":7,"column":0},"end":{"line":7,"column":37}},"7":{"start":{"line":8,"column":0},"end":{"line":8,"column":73}},"8":{"start":{"line":9,"column":0},"end":{"line":9,"column":54}},"9":{"start":{"line":10,"column":0},"end":{"line":10,"column":43}},"10":{"start":{"line":11,"column":0},"end":{"line":11,"column":49}},"11":{"start":{"line":13,"column":12},"end":{"line":13,"column":21}},"12":{"start":{"line":16,"column":0},"end":{"line":27,"column":null}},"13":{"start":{"line":31,"column":4},"end":{"line":31,"column":99}},"14":{"start":{"line":31,"column":85},"end":{"line":31,"column":98}},"15":{"start":{"line":33,"column":20},"end":{"line":36,"column":null}},"16":{"start":{"line":37,"column":0},"end":{"line":37,"column":null}},"17":{"start":{"line":40,"column":16},"end":{"line":46,"column":2}},"18":{"start":{"line":47,"column":0},"end":{"line":47,"column":null}},"19":{"start":{"line":50,"column":0},"end":{"line":61,"column":null}},"20":{"start":{"line":55,"column":12},"end":{"line":57,"column":13}},"21":{"start":{"line":56,"column":16},"end":{"line":56,"column":null}},"22":{"start":{"line":58,"column":12},"end":{"line":58,"column":null}},"23":{"start":{"line":64,"column":0},"end":{"line":64,"column":null}},"24":{"start":{"line":65,"column":0},"end":{"line":65,"column":null}},"25":{"start":{"line":68,"column":0},"end":{"line":68,"column":null}},"26":{"start":{"line":68,"column":34},"end":{"line":68,"column":60}},"27":{"start":{"line":69,"column":0},"end":{"line":69,"column":null}},"28":{"start":{"line":71,"column":0},"end":{"line":71,"column":null}},"29":{"start":{"line":74,"column":0},"end":{"line":74,"column":null}},"30":{"start":{"line":75,"column":0},"end":{"line":75,"column":null}},"31":{"start":{"line":77,"column":0},"end":{"line":77,"column":null}}},"fnMap":{"0":{"name":"(anonymous_1)","decl":{"start":{"line":31,"column":73},"end":{"line":31,"column":74}},"loc":{"start":{"line":31,"column":85},"end":{"line":31,"column":98}}},"1":{"name":"(anonymous_2)","decl":{"start":{"line":54,"column":16},"end":{"line":54,"column":17}},"loc":{"start":{"line":54,"column":29},"end":{"line":59,"column":9}}},"2":{"name":"(anonymous_3)","decl":{"start":{"line":68,"column":19},"end":{"line":68,"column":20}},"loc":{"start":{"line":68,"column":34},"end":{"line":68,"column":60}}}},"branchMap":{"0":{"loc":{"start":{"line":31,"column":4},"end":{"line":31,"column":99}},"type":"cond-expr","locations":[{"start":{"line":31,"column":33},"end":{"line":31,"column":36}},{"start":{"line":31,"column":39},"end":{"line":31,"column":99}}]},"1":{"loc":{"start":{"line":55,"column":12},"end":{"line":57,"column":13}},"type":"if","locations":[{"start":{"line":55,"column":12},"end":{"line":57,"column":13}},{"start":{},"end":{}}]}},"s":{"0":1,"1":1,"2":1,"3":1,"4":1,"5":1,"6":1,"7":1,"8":1,"9":1,"10":1,"11":1,"12":1,"13":1,"14":0,"15":1,"16":1,"17":1,"18":1,"19":1,"20":1,"21":0,"22":1,"23":1,"24":1,"25":1,"26":1,"27":1,"28":1,"29":1,"30":1,"31":1},"f":{"0":0,"1":1,"2":1},"b":{"0":[1,0],"1":[0,1]}}
,"/Users/sachintalekar/Documents/2.0/BelleVie/node-express-TS-boilerplate/src/config/env.ts": {"path":"/Users/sachintalekar/Documents/2.0/BelleVie/node-express-TS-boilerplate/src/config/env.ts","statementMap":{"0":{"start":{"line":1,"column":0},"end":{"line":1,"column":27}},"1":{"start":{"line":3,"column":0},"end":{"line":3,"column":null}},"2":{"start":{"line":5,"column":13},"end":{"line":23,"column":null}}},"fnMap":{},"branchMap":{"0":{"loc":{"start":{"line":6,"column":11},"end":{"line":6,"column":48}},"type":"binary-expr","locations":[{"start":{"line":6,"column":11},"end":{"line":6,"column":31}},{"start":{"line":6,"column":35},"end":{"line":6,"column":48}}]},"1":{"loc":{"start":{"line":7,"column":17},"end":{"line":7,"column":43}},"type":"binary-expr","locations":[{"start":{"line":7,"column":17},"end":{"line":7,"column":33}},{"start":{"line":7,"column":37},"end":{"line":7,"column":43}}]},"2":{"loc":{"start":{"line":8,"column":12},"end":{"line":8,"column":64}},"type":"binary-expr","locations":[{"start":{"line":8,"column":12},"end":{"line":8,"column":33}},{"start":{"line":8,"column":37},"end":{"line":8,"column":64}}]},"3":{"loc":{"start":{"line":9,"column":15},"end":{"line":9,"column":62}},"type":"binary-expr","locations":[{"start":{"line":9,"column":15},"end":{"line":9,"column":40}},{"start":{"line":9,"column":44},"end":{"line":9,"column":62}}]},"4":{"loc":{"start":{"line":10,"column":13},"end":{"line":10,"column":72}},"type":"binary-expr","locations":[{"start":{"line":10,"column":13},"end":{"line":10,"column":35}},{"start":{"line":10,"column":39},"end":{"line":10,"column":72}}]},"5":{"loc":{"start":{"line":11,"column":20},"end":{"line":11,"column":53}},"type":"binary-expr","locations":[{"start":{"line":11,"column":20},"end":{"line":11,"column":45}},{"start":{"line":11,"column":49},"end":{"line":11,"column":53}}]},"6":{"loc":{"start":{"line":12,"column":20},"end":{"line":12,"column":46}},"type":"binary-expr","locations":[{"start":{"line":12,"column":20},"end":{"line":12,"column":39}},{"start":{"line":12,"column":43},"end":{"line":12,"column":46}}]},"7":{"loc":{"start":{"line":13,"column":22},"end":{"line":13,"column":53}},"type":"binary-expr","locations":[{"start":{"line":13,"column":22},"end":{"line":13,"column":44}},{"start":{"line":13,"column":48},"end":{"line":13,"column":53}}]},"8":{"loc":{"start":{"line":15,"column":15},"end":{"line":15,"column":46}},"type":"binary-expr","locations":[{"start":{"line":15,"column":15},"end":{"line":15,"column":39}},{"start":{"line":15,"column":43},"end":{"line":15,"column":46}}]},"9":{"loc":{"start":{"line":16,"column":30},"end":{"line":16,"column":74}},"type":"binary-expr","locations":[{"start":{"line":16,"column":30},"end":{"line":16,"column":62}},{"start":{"line":16,"column":66},"end":{"line":16,"column":74}}]},"10":{"loc":{"start":{"line":17,"column":33},"end":{"line":17,"column":77}},"type":"binary-expr","locations":[{"start":{"line":17,"column":33},"end":{"line":17,"column":68}},{"start":{"line":17,"column":72},"end":{"line":17,"column":77}}]},"11":{"loc":{"start":{"line":18,"column":29},"end":{"line":18,"column":65}},"type":"binary-expr","locations":[{"start":{"line":18,"column":29},"end":{"line":18,"column":58}},{"start":{"line":18,"column":62},"end":{"line":18,"column":65}}]},"12":{"loc":{"start":{"line":19,"column":33},"end":{"line":19,"column":76}},"type":"binary-expr","locations":[{"start":{"line":19,"column":33},"end":{"line":19,"column":66}},{"start":{"line":19,"column":70},"end":{"line":19,"column":76}}]}},"s":{"0":1,"1":1,"2":1},"f":{},"b":{"0":[1,0],"1":[1,0],"2":[1,0],"3":[1,0],"4":[1,0],"5":[1,1],"6":[1,0],"7":[1,0],"8":[1,0],"9":[1,1],"10":[1,1],"11":[1,1],"12":[1,1]}}
,"/Users/sachintalekar/Documents/2.0/BelleVie/node-express-TS-boilerplate/src/config/features.ts": {"path":"/Users/sachintalekar/Documents/2.0/BelleVie/node-express-TS-boilerplate/src/config/features.ts","statementMap":{"0":{"start":{"line":1,"column":0},"end":{"line":1,"column":38}},"1":{"start":{"line":2,"column":0},"end":{"line":2,"column":30}},"2":{"start":{"line":9,"column":27},"end":{"line":9,"column":31}},"3":{"start":{"line":10,"column":14},"end":{"line":19,"column":1}},"4":{"start":{"line":11,"column":2},"end":{"line":11,"column":null}},"5":{"start":{"line":11,"column":14},"end":{"line":11,"column":null}},"6":{"start":{"line":12,"column":2},"end":{"line":17,"column":3}},"7":{"start":{"line":13,"column":4},"end":{"line":13,"column":null}},"8":{"start":{"line":15,"column":4},"end":{"line":15,"column":null}},"9":{"start":{"line":16,"column":4},"end":{"line":16,"column":null}},"10":{"start":{"line":18,"column":2},"end":{"line":18,"column":null}},"11":{"start":{"line":21,"column":31},"end":{"line":26,"column":1}},"12":{"start":{"line":22,"column":12},"end":{"line":22,"column":19}},"13":{"start":{"line":23,"column":2},"end":{"line":23,"column":null}},"14":{"start":{"line":23,"column":18},"end":{"line":23,"column":null}},"15":{"start":{"line":24,"column":12},"end":{"line":24,"column":27}},"16":{"start":{"line":25,"column":2},"end":{"line":25,"column":null}},"17":{"start":{"line":21,"column":13},"end":{"line":21,"column":31}},"18":{"start":{"line":28,"column":32},"end":{"line":35,"column":1}},"19":{"start":{"line":29,"column":22},"end":{"line":29,"column":29}},"20":{"start":{"line":30,"column":2},"end":{"line":30,"column":null}},"21":{"start":{"line":30,"column":29},"end":{"line":30,"column":null}},"22":{"start":{"line":31,"column":13},"end":{"line":31,"column":36}},"23":{"start":{"line":32,"column":2},"end":{"line":32,"column":null}},"24":{"start":{"line":32,"column":11},"end":{"line":32,"column":null}},"25":{"start":{"line":33,"column":12},"end":{"line":33,"column":17}},"26":{"start":{"line":34,"column":2},"end":{"line":34,"column":null}},"27":{"start":{"line":28,"column":13},"end":{"line":28,"column":32}}},"fnMap":{"0":{"name":"(anonymous_0)","decl":{"start":{"line":10,"column":14},"end":{"line":10,"column":24}},"loc":{"start":{"line":10,"column":26},"end":{"line":19,"column":1}}},"1":{"name":"(anonymous_1)","decl":{"start":{"line":21,"column":31},"end":{"line":21,"column":32}},"loc":{"start":{"line":21,"column":48},"end":{"line":26,"column":1}}},"2":{"name":"(anonymous_2)","decl":{"start":{"line":28,"column":32},"end":{"line":28,"column":33}},"loc":{"start":{"line":28,"column":57},"end":{"line":35,"column":1}}}},"branchMap":{"0":{"loc":{"start":{"line":11,"column":2},"end":{"line":11,"column":null}},"type":"if","locations":[{"start":{"line":11,"column":2},"end":{"line":11,"column":null}},{"start":{},"end":{}}]},"1":{"loc":{"start":{"line":23,"column":2},"end":{"line":23,"column":null}},"type":"if","locations":[{"start":{"line":23,"column":2},"end":{"line":23,"column":null}},{"start":{},"end":{}}]},"2":{"loc":{"start":{"line":25,"column":9},"end":{"line":25,"column":35}},"type":"cond-expr","locations":[{"start":{"line":25,"column":27},"end":{"line":25,"column":28}},{"start":{"line":25,"column":31},"end":{"line":25,"column":35}}]},"3":{"loc":{"start":{"line":30,"column":2},"end":{"line":30,"column":null}},"type":"if","locations":[{"start":{"line":30,"column":2},"end":{"line":30,"column":null}},{"start":{},"end":{}}]},"4":{"loc":{"start":{"line":32,"column":2},"end":{"line":32,"column":null}},"type":"if","locations":[{"start":{"line":32,"column":2},"end":{"line":32,"column":null}},{"start":{},"end":{}}]},"5":{"loc":{"start":{"line":34,"column":9},"end":{"line":34,"column":35}},"type":"cond-expr","locations":[{"start":{"line":34,"column":27},"end":{"line":34,"column":28}},{"start":{"line":34,"column":31},"end":{"line":34,"column":35}}]}},"s":{"0":1,"1":1,"2":1,"3":1,"4":1,"5":0,"6":1,"7":1,"8":0,"9":0,"10":1,"11":1,"12":1,"13":1,"14":1,"15":0,"16":0,"17":1,"18":1,"19":0,"20":0,"21":0,"22":0,"23":0,"24":0,"25":0,"26":0,"27":1},"f":{"0":1,"1":1,"2":0},"b":{"0":[0,1],"1":[1,0],"2":[0,0],"3":[0,0],"4":[0,0],"5":[0,0]}}
,"/Users/sachintalekar/Documents/2.0/BelleVie/node-express-TS-boilerplate/src/lib/logger.ts": {"path":"/Users/sachintalekar/Documents/2.0/BelleVie/node-express-TS-boilerplate/src/lib/logger.ts","statementMap":{"0":{"start":{"line":1,"column":0},"end":{"line":1,"column":23}},"1":{"start":{"line":2,"column":0},"end":{"line":2,"column":38}},"2":{"start":{"line":4,"column":14},"end":{"line":4,"column":45}},"3":{"start":{"line":6,"column":13},"end":{"line":13,"column":null}}},"fnMap":{},"branchMap":{"0":{"loc":{"start":{"line":8,"column":9},"end":{"line":8,"column":33}},"type":"cond-expr","locations":[{"start":{"line":8,"column":17},"end":{"line":8,"column":24}},{"start":{"line":8,"column":27},"end":{"line":8,"column":33}}]},"1":{"loc":{"start":{"line":10,"column":4},"end":{"line":12,"column":17}},"type":"cond-expr","locations":[{"start":{"line":11,"column":8},"end":{"line":11,"column":93}},{"start":{"line":12,"column":8},"end":{"line":12,"column":17}}]},"2":{"loc":{"start":{"line":10,"column":4},"end":{"line":10,"column":38}},"type":"binary-expr","locations":[{"start":{"line":10,"column":4},"end":{"line":10,"column":9}},{"start":{"line":10,"column":13},"end":{"line":10,"column":38}}]}},"s":{"0":1,"1":1,"2":1,"3":1},"f":{},"b":{"0":[1,0],"1":[0,1],"2":[1,1]}}
,"/Users/sachintalekar/Documents/2.0/BelleVie/node-express-TS-boilerplate/src/middleware/errorHandler.ts": {"path":"/Users/sachintalekar/Documents/2.0/BelleVie/node-express-TS-boilerplate/src/middleware/errorHandler.ts","statementMap":{"0":{"start":{"line":2,"column":0},"end":{"line":2,"column":38}},"1":{"start":{"line":8,"column":4},"end":{"line":8,"column":null}},"2":{"start":{"line":9,"column":4},"end":{"line":9,"column":null}},"3":{"start":{"line":10,"column":4},"end":{"line":10,"column":null}},"4":{"start":{"line":4,"column":0},"end":{"line":4,"column":13}},"5":{"start":{"line":14,"column":31},"end":{"line":16,"column":1}},"6":{"start":{"line":15,"column":2},"end":{"line":15,"column":null}},"7":{"start":{"line":14,"column":13},"end":{"line":14,"column":31}},"8":{"start":{"line":18,"column":28},"end":{"line":23,"column":1}},"9":{"start":{"line":19,"column":21},"end":{"line":19,"column":67}},"10":{"start":{"line":20,"column":24},"end":{"line":20,"column":30}},"11":{"start":{"line":21,"column":2},"end":{"line":21,"column":null}},"12":{"start":{"line":22,"column":2},"end":{"line":22,"column":null}},"13":{"start":{"line":18,"column":13},"end":{"line":18,"column":28}}},"fnMap":{"0":{"name":"(anonymous_0)","decl":{"start":{"line":7,"column":2},"end":{"line":7,"column":14}},"loc":{"start":{"line":7,"column":66},"end":{"line":11,"column":3}}},"1":{"name":"(anonymous_1)","decl":{"start":{"line":14,"column":31},"end":{"line":14,"column":32}},"loc":{"start":{"line":14,"column":64},"end":{"line":16,"column":1}}},"2":{"name":"(anonymous_2)","decl":{"start":{"line":18,"column":28},"end":{"line":18,"column":29}},"loc":{"start":{"line":18,"column":93},"end":{"line":23,"column":1}}}},"branchMap":{"0":{"loc":{"start":{"line":7,"column":31},"end":{"line":7,"column":47}},"type":"default-arg","locations":[{"start":{"line":7,"column":44},"end":{"line":7,"column":47}}]},"1":{"loc":{"start":{"line":19,"column":21},"end":{"line":19,"column":67}},"type":"cond-expr","locations":[{"start":{"line":19,"column":47},"end":{"line":19,"column":61}},{"start":{"line":19,"column":64},"end":{"line":19,"column":67}}]}},"s":{"0":1,"1":0,"2":0,"3":0,"4":1,"5":1,"6":0,"7":1,"8":1,"9":0,"10":0,"11":0,"12":0,"13":1},"f":{"0":0,"1":0,"2":0},"b":{"0":[0],"1":[0,0]}}
,"/Users/sachintalekar/Documents/2.0/BelleVie/node-express-TS-boilerplate/src/middleware/requestLogger.ts": {"path":"/Users/sachintalekar/Documents/2.0/BelleVie/node-express-TS-boilerplate/src/middleware/requestLogger.ts","statementMap":{"0":{"start":{"line":2,"column":0},"end":{"line":2,"column":35}},"1":{"start":{"line":5,"column":0},"end":{"line":5,"column":32}},"2":{"start":{"line":6,"column":0},"end":{"line":6,"column":38}},"3":{"start":{"line":7,"column":0},"end":{"line":7,"column":38}},"4":{"start":{"line":9,"column":27},"end":{"line":9,"column":45}},"5":{"start":{"line":10,"column":21},"end":{"line":10,"column":48}},"6":{"start":{"line":16,"column":26},"end":{"line":24,"column":2}},"7":{"start":{"line":30,"column":2},"end":{"line":30,"column":null}},"8":{"start":{"line":30,"column":16},"end":{"line":30,"column":null}},"9":{"start":{"line":31,"column":39},"end":{"line":31,"column":41}},"10":{"start":{"line":32,"column":2},"end":{"line":42,"column":3}},"11":{"start":{"line":33,"column":16},"end":{"line":33,"column":31}},"12":{"start":{"line":34,"column":4},"end":{"line":41,"column":5}},"13":{"start":{"line":36,"column":6},"end":{"line":38,"column":null}},"14":{"start":{"line":36,"column":28},"end":{"line":36,"column":null}},"15":{"start":{"line":36,"column":51},"end":{"line":36,"column":63}},"16":{"start":{"line":37,"column":11},"end":{"line":38,"column":null}},"17":{"start":{"line":37,"column":38},"end":{"line":37,"column":null}},"18":{"start":{"line":38,"column":11},"end":{"line":38,"column":null}},"19":{"start":{"line":40,"column":6},"end":{"line":40,"column":null}},"20":{"start":{"line":43,"column":2},"end":{"line":43,"column":null}},"21":{"start":{"line":51,"column":2},"end":{"line":70,"column":3}},"22":{"start":{"line":52,"column":22},"end":{"line":52,"column":59}},"23":{"start":{"line":53,"column":14},"end":{"line":53,"column":30}},"24":{"start":{"line":55,"column":4},"end":{"line":66,"column":null}},"25":{"start":{"line":69,"column":4},"end":{"line":69,"column":null}},"26":{"start":{"line":73,"column":12},"end":{"line":120,"column":2}},"27":{"start":{"line":78,"column":17},"end":{"line":78,"column":56}},"28":{"start":{"line":79,"column":4},"end":{"line":79,"column":null}},"29":{"start":{"line":79,"column":38},"end":{"line":79,"column":null}},"30":{"start":{"line":80,"column":21},"end":{"line":80,"column":57}},"31":{"start":{"line":81,"column":4},"end":{"line":81,"column":null}},"32":{"start":{"line":87,"column":6},"end":{"line":93,"column":7}},"33":{"start":{"line":88,"column":21},"end":{"line":88,"column":58}},"34":{"start":{"line":89,"column":8},"end":{"line":89,"column":null}},"35":{"start":{"line":89,"column":18},"end":{"line":89,"column":null}},"36":{"start":{"line":90,"column":8},"end":{"line":90,"column":null}},"37":{"start":{"line":90,"column":40},"end":{"line":90,"column":57}},"38":{"start":{"line":92,"column":8},"end":{"line":92,"column":null}},"39":{"start":{"line":99,"column":19},"end":{"line":99,"column":74}},"40":{"start":{"line":100,"column":4},"end":{"line":100,"column":null}},"41":{"start":{"line":100,"column":30},"end":{"line":100,"column":null}},"42":{"start":{"line":101,"column":4},"end":{"line":101,"column":null}},"43":{"start":{"line":101,"column":23},"end":{"line":101,"column":null}},"44":{"start":{"line":102,"column":4},"end":{"line":102,"column":null}},"45":{"start":{"line":107,"column":14},"end":{"line":107,"column":30}},"46":{"start":{"line":108,"column":4},"end":{"line":112,"column":null}},"47":{"start":{"line":123,"column":13},"end":{"line":123,"column":null}},"48":{"start":{"line":125,"column":0},"end":{"line":125,"column":null}}},"fnMap":{"0":{"name":"maskHeaders","decl":{"start":{"line":29,"column":9},"end":{"line":29,"column":20}},"loc":{"start":{"line":29,"column":68},"end":{"line":44,"column":1}}},"1":{"name":"(anonymous_2)","decl":{"start":{"line":36,"column":45},"end":{"line":36,"column":48}},"loc":{"start":{"line":36,"column":51},"end":{"line":36,"column":63}}},"2":{"name":"reqSerializer","decl":{"start":{"line":50,"column":9},"end":{"line":50,"column":22}},"loc":{"start":{"line":50,"column":43},"end":{"line":71,"column":1}}},"3":{"name":"(anonymous_4)","decl":{"start":{"line":77,"column":12},"end":{"line":77,"column":13}},"loc":{"start":{"line":77,"column":37},"end":{"line":82,"column":3}}},"4":{"name":"(anonymous_5)","decl":{"start":{"line":86,"column":12},"end":{"line":86,"column":13}},"loc":{"start":{"line":86,"column":37},"end":{"line":94,"column":5}}},"5":{"name":"(anonymous_6)","decl":{"start":{"line":90,"column":33},"end":{"line":90,"column":34}},"loc":{"start":{"line":90,"column":40},"end":{"line":90,"column":57}}},"6":{"name":"(anonymous_7)","decl":{"start":{"line":98,"column":18},"end":{"line":98,"column":19}},"loc":{"start":{"line":98,"column":78},"end":{"line":103,"column":3}}},"7":{"name":"(anonymous_8)","decl":{"start":{"line":106,"column":15},"end":{"line":106,"column":16}},"loc":{"start":{"line":106,"column":40},"end":{"line":113,"column":3}}}},"branchMap":{"0":{"loc":{"start":{"line":30,"column":2},"end":{"line":30,"column":null}},"type":"if","locations":[{"start":{"line":30,"column":2},"end":{"line":30,"column":null}},{"start":{},"end":{}}]},"1":{"loc":{"start":{"line":34,"column":4},"end":{"line":41,"column":5}},"type":"if","locations":[{"start":{"line":34,"column":4},"end":{"line":41,"column":5}},{"start":{"line":39,"column":11},"end":{"line":41,"column":5}}]},"2":{"loc":{"start":{"line":36,"column":6},"end":{"line":38,"column":null}},"type":"if","locations":[{"start":{"line":36,"column":6},"end":{"line":38,"column":null}},{"start":{"line":37,"column":11},"end":{"line":38,"column":null}}]},"3":{"loc":{"start":{"line":37,"column":11},"end":{"line":38,"column":null}},"type":"if","locations":[{"start":{"line":37,"column":11},"end":{"line":38,"column":null}},{"start":{"line":38,"column":11},"end":{"line":38,"column":null}}]},"4":{"loc":{"start":{"line":56,"column":10},"end":{"line":56,"column":27}},"type":"binary-expr","locations":[{"start":{"line":56,"column":10},"end":{"line":56,"column":14}},{"start":{"line":56,"column":18},"end":{"line":56,"column":27}}]},"5":{"loc":{"start":{"line":57,"column":15},"end":{"line":57,"column":46}},"type":"binary-expr","locations":[{"start":{"line":57,"column":15},"end":{"line":57,"column":33}},{"start":{"line":57,"column":37},"end":{"line":57,"column":46}}]},"6":{"loc":{"start":{"line":58,"column":11},"end":{"line":58,"column":32}},"type":"binary-expr","locations":[{"start":{"line":58,"column":11},"end":{"line":58,"column":19}},{"start":{"line":58,"column":23},"end":{"line":58,"column":32}}]},"7":{"loc":{"start":{"line":60,"column":21},"end":{"line":60,"column":99}},"type":"binary-expr","locations":[{"start":{"line":60,"column":21},"end":{"line":60,"column":25}},{"start":{"line":60,"column":30},"end":{"line":60,"column":86}},{"start":{"line":60,"column":90},"end":{"line":60,"column":99}}]},"8":{"loc":{"start":{"line":62,"column":21},"end":{"line":62,"column":89}},"type":"binary-expr","locations":[{"start":{"line":62,"column":22},"end":{"line":62,"column":32}},{"start":{"line":62,"column":37},"end":{"line":62,"column":61}},{"start":{"line":62,"column":65},"end":{"line":62,"column":74}},{"start":{"line":62,"column":80},"end":{"line":62,"column":89}}]},"9":{"loc":{"start":{"line":63,"column":18},"end":{"line":63,"column":83}},"type":"binary-expr","locations":[{"start":{"line":63,"column":19},"end":{"line":63,"column":29}},{"start":{"line":63,"column":34},"end":{"line":63,"column":55}},{"start":{"line":63,"column":59},"end":{"line":63,"column":68}},{"start":{"line":63,"column":74},"end":{"line":63,"column":83}}]},"10":{"loc":{"start":{"line":69,"column":22},"end":{"line":69,"column":53}},"type":"binary-expr","locations":[{"start":{"line":69,"column":22},"end":{"line":69,"column":40}},{"start":{"line":69,"column":44},"end":{"line":69,"column":53}}]},"11":{"loc":{"start":{"line":69,"column":61},"end":{"line":69,"column":89}},"type":"binary-expr","locations":[{"start":{"line":69,"column":61},"end":{"line":69,"column":76}},{"start":{"line":69,"column":80},"end":{"line":69,"column":89}}]},"12":{"loc":{"start":{"line":78,"column":17},"end":{"line":78,"column":56}},"type":"binary-expr","locations":[{"start":{"line":78,"column":17},"end":{"line":78,"column":50}},{"start":{"line":78,"column":54},"end":{"line":78,"column":56}}]},"13":{"loc":{"start":{"line":79,"column":4},"end":{"line":79,"column":null}},"type":"if","locations":[{"start":{"line":79,"column":4},"end":{"line":79,"column":null}},{"start":{},"end":{}}]},"14":{"loc":{"start":{"line":79,"column":8},"end":{"line":79,"column":36}},"type":"binary-expr","locations":[{"start":{"line":79,"column":8},"end":{"line":79,"column":11}},{"start":{"line":79,"column":15},"end":{"line":79,"column":36}}]},"15":{"loc":{"start":{"line":81,"column":11},"end":{"line":81,"column":65}},"type":"cond-expr","locations":[{"start":{"line":81,"column":43},"end":{"line":81,"column":50}},{"start":{"line":81,"column":53},"end":{"line":81,"column":65}}]},"16":{"loc":{"start":{"line":81,"column":11},"end":{"line":81,"column":40}},"type":"binary-expr","locations":[{"start":{"line":81,"column":11},"end":{"line":81,"column":18}},{"start":{"line":81,"column":22},"end":{"line":81,"column":40}}]},"17":{"loc":{"start":{"line":89,"column":8},"end":{"line":89,"column":null}},"type":"if","locations":[{"start":{"line":89,"column":8},"end":{"line":89,"column":null}},{"start":{},"end":{}}]},"18":{"loc":{"start":{"line":99,"column":19},"end":{"line":99,"column":74}},"type":"cond-expr","locations":[{"start":{"line":99,"column":56},"end":{"line":99,"column":70}},{"start":{"line":99,"column":73},"end":{"line":99,"column":74}}]},"19":{"loc":{"start":{"line":100,"column":4},"end":{"line":100,"column":null}},"type":"if","locations":[{"start":{"line":100,"column":4},"end":{"line":100,"column":null}},{"start":{},"end":{}}]},"20":{"loc":{"start":{"line":100,"column":8},"end":{"line":100,"column":28}},"type":"binary-expr","locations":[{"start":{"line":100,"column":8},"end":{"line":100,"column":11}},{"start":{"line":100,"column":15},"end":{"line":100,"column":28}}]},"21":{"loc":{"start":{"line":101,"column":4},"end":{"line":101,"column":null}},"type":"if","locations":[{"start":{"line":101,"column":4},"end":{"line":101,"column":null}},{"start":{},"end":{}}]},"22":{"loc":{"start":{"line":109,"column":21},"end":{"line":109,"column":94}},"type":"binary-expr","locations":[{"start":{"line":109,"column":21},"end":{"line":109,"column":25}},{"start":{"line":109,"column":30},"end":{"line":109,"column":86}},{"start":{"line":109,"column":90},"end":{"line":109,"column":94}}]},"23":{"loc":{"start":{"line":111,"column":14},"end":{"line":111,"column":32}},"type":"binary-expr","locations":[{"start":{"line":111,"column":14},"end":{"line":111,"column":24}},{"start":{"line":111,"column":28},"end":{"line":111,"column":32}}]}},"s":{"0":1,"1":1,"2":1,"3":1,"4":1,"5":1,"6":1,"7":1,"8":0,"9":1,"10":1,"11":3,"12":3,"13":0,"14":0,"15":0,"16":0,"17":0,"18":0,"19":3,"20":1,"21":1,"22":1,"23":1,"24":1,"25":0,"26":1,"27":1,"28":1,"29":0,"30":1,"31":1,"32":1,"33":1,"34":1,"35":0,"36":1,"37":1,"38":0,"39":0,"40":0,"41":0,"42":0,"43":0,"44":0,"45":1,"46":1,"47":1,"48":1},"f":{"0":1,"1":0,"2":1,"3":1,"4":1,"5":1,"6":0,"7":1},"b":{"0":[0,1],"1":[0,3],"2":[0,0],"3":[0,0],"4":[1,0],"5":[1,0],"6":[1,0],"7":[1,0,0],"8":[1,0,0,1],"9":[1,0,0,1],"10":[0,0],"11":[0,0],"12":[1,1],"13":[0,1],"14":[1,0],"15":[0,1],"16":[1,0],"17":[0,1],"18":[0,0],"19":[0,0],"20":[0,0],"21":[0,0],"22":[1,0,0],"23":[1,1]}}
,"/Users/sachintalekar/Documents/2.0/BelleVie/node-express-TS-boilerplate/src/modules/index.ts": {"path":"/Users/sachintalekar/Documents/2.0/BelleVie/node-express-TS-boilerplate/src/modules/index.ts","statementMap":{"0":{"start":{"line":2,"column":0},"end":{"line":2,"column":52}},"1":{"start":{"line":3,"column":0},"end":{"line":3,"column":38}},"2":{"start":{"line":5,"column":0},"end":{"line":5,"column":37}},"3":{"start":{"line":7,"column":13},"end":{"line":7,"column":null}},"4":{"start":{"line":9,"column":31},"end":{"line":18,"column":1}},"5":{"start":{"line":10,"column":2},"end":{"line":17,"column":null}},"6":{"start":{"line":11,"column":4},"end":{"line":14,"column":5}},"7":{"start":{"line":12,"column":6},"end":{"line":12,"column":null}},"8":{"start":{"line":13,"column":6},"end":{"line":13,"column":12}},"9":{"start":{"line":15,"column":4},"end":{"line":15,"column":null}},"10":{"start":{"line":16,"column":4},"end":{"line":16,"column":null}},"11":{"start":{"line":9,"column":13},"end":{"line":9,"column":31}}},"fnMap":{"0":{"name":"(anonymous_0)","decl":{"start":{"line":9,"column":31},"end":{"line":9,"column":32}},"loc":{"start":{"line":9,"column":54},"end":{"line":18,"column":1}}},"1":{"name":"(anonymous_1)","decl":{"start":{"line":10,"column":18},"end":{"line":10,"column":19}},"loc":{"start":{"line":10,"column":26},"end":{"line":17,"column":3}}}},"branchMap":{"0":{"loc":{"start":{"line":11,"column":4},"end":{"line":14,"column":5}},"type":"if","locations":[{"start":{"line":11,"column":4},"end":{"line":14,"column":5}},{"start":{},"end":{}}]}},"s":{"0":1,"1":1,"2":1,"3":1,"4":1,"5":1,"6":1,"7":0,"8":0,"9":1,"10":1,"11":1},"f":{"0":1,"1":1},"b":{"0":[0,1]}}
,"/Users/sachintalekar/Documents/2.0/BelleVie/node-express-TS-boilerplate/src/modules/users/index.ts": {"path":"/Users/sachintalekar/Documents/2.0/BelleVie/node-express-TS-boilerplate/src/modules/users/index.ts","statementMap":{"0":{"start":{"line":2,"column":0},"end":{"line":2,"column":34}},"1":{"start":{"line":3,"column":13},"end":{"line":3,"column":null}}},"fnMap":{},"branchMap":{},"s":{"0":1,"1":1},"f":{},"b":{}}
,"/Users/sachintalekar/Documents/2.0/BelleVie/node-express-TS-boilerplate/src/modules/users/user.routes.ts": {"path":"/Users/sachintalekar/Documents/2.0/BelleVie/node-express-TS-boilerplate/src/modules/users/user.routes.ts","statementMap":{"0":{"start":{"line":1,"column":0},"end":{"line":1,"column":51}},"1":{"start":{"line":4,"column":10},"end":{"line":4,"column":18}},"2":{"start":{"line":5,"column":24},"end":{"line":5,"column":70}},"3":{"start":{"line":5,"column":58},"end":{"line":5,"column":70}},"4":{"start":{"line":5,"column":13},"end":{"line":5,"column":24}},"5":{"start":{"line":6,"column":0},"end":{"line":6,"column":null}},"6":{"start":{"line":7,"column":0},"end":{"line":7,"column":null}}},"fnMap":{"0":{"name":"(anonymous_0)","decl":{"start":{"line":5,"column":24},"end":{"line":5,"column":25}},"loc":{"start":{"line":5,"column":58},"end":{"line":5,"column":70}}}},"branchMap":{},"s":{"0":1,"1":1,"2":1,"3":0,"4":1,"5":1,"6":1},"f":{"0":0},"b":{}}
}
