TN:
SF:src/app.ts
FN:31,(anonymous_1)
FN:54,(anonymous_2)
FN:68,(anonymous_3)
FNF:3
FNH:2
FNDA:0,(anonymous_1)
FNDA:1,(anonymous_2)
FNDA:1,(anonymous_3)
DA:1,1
DA:2,1
DA:3,1
DA:4,1
DA:5,1
DA:6,1
DA:7,1
DA:8,1
DA:9,1
DA:10,1
DA:11,1
DA:13,1
DA:16,1
DA:31,1
DA:33,1
DA:37,1
DA:40,1
DA:47,1
DA:50,1
DA:55,1
DA:56,0
DA:58,1
DA:64,1
DA:65,1
DA:68,1
DA:69,1
DA:71,1
DA:74,1
DA:75,1
DA:77,1
LF:30
LH:29
BRDA:31,0,0,1
BRDA:31,0,1,0
BRDA:55,1,0,0
BRDA:55,1,1,1
BRF:4
BRH:2
end_of_record
TN:
SF:src/config/env.ts
FNF:0
FNH:0
DA:1,1
DA:3,1
DA:5,1
LF:3
LH:3
BRDA:6,0,0,1
BRDA:6,0,1,0
BRDA:7,1,0,1
BRDA:7,1,1,0
BRDA:8,2,0,1
BRDA:8,2,1,0
BRDA:9,3,0,1
BRDA:9,3,1,0
BRDA:10,4,0,1
BRDA:10,4,1,0
BRDA:11,5,0,1
BRDA:11,5,1,1
BRDA:12,6,0,1
BRDA:12,6,1,0
BRDA:13,7,0,1
BRDA:13,7,1,0
BRDA:15,8,0,1
BRDA:15,8,1,0
BRDA:16,9,0,1
BRDA:16,9,1,1
BRDA:17,10,0,1
BRDA:17,10,1,1
BRDA:18,11,0,1
BRDA:18,11,1,1
BRDA:19,12,0,1
BRDA:19,12,1,1
BRF:26
BRH:18
end_of_record
TN:
SF:src/config/features.ts
FN:10,(anonymous_0)
FN:21,(anonymous_1)
FN:28,(anonymous_2)
FNF:3
FNH:2
FNDA:1,(anonymous_0)
FNDA:1,(anonymous_1)
FNDA:0,(anonymous_2)
DA:1,1
DA:2,1
DA:9,1
DA:10,1
DA:11,1
DA:12,1
DA:13,1
DA:15,0
DA:16,0
DA:18,1
DA:21,1
DA:22,1
DA:23,1
DA:24,0
DA:25,0
DA:28,1
DA:29,0
DA:30,0
DA:31,0
DA:32,0
DA:33,0
DA:34,0
LF:22
LH:12
BRDA:11,0,0,0
BRDA:11,0,1,1
BRDA:23,1,0,1
BRDA:23,1,1,0
BRDA:25,2,0,0
BRDA:25,2,1,0
BRDA:30,3,0,0
BRDA:30,3,1,0
BRDA:32,4,0,0
BRDA:32,4,1,0
BRDA:34,5,0,0
BRDA:34,5,1,0
BRF:12
BRH:2
end_of_record
TN:
SF:src/lib/logger.ts
FNF:0
FNH:0
DA:1,1
DA:2,1
DA:4,1
DA:6,1
LF:4
LH:4
BRDA:8,0,0,1
BRDA:8,0,1,0
BRDA:10,1,0,0
BRDA:10,1,1,1
BRDA:10,2,0,1
BRDA:10,2,1,1
BRF:6
BRH:4
end_of_record
TN:
SF:src/middleware/errorHandler.ts
FN:7,(anonymous_0)
FN:14,(anonymous_1)
FN:18,(anonymous_2)
FNF:3
FNH:0
FNDA:0,(anonymous_0)
FNDA:0,(anonymous_1)
FNDA:0,(anonymous_2)
DA:2,1
DA:4,1
DA:8,0
DA:9,0
DA:10,0
DA:14,1
DA:15,0
DA:18,1
DA:19,0
DA:20,0
DA:21,0
DA:22,0
LF:12
LH:4
BRDA:7,0,0,0
BRDA:19,1,0,0
BRDA:19,1,1,0
BRF:3
BRH:0
end_of_record
TN:
SF:src/middleware/requestLogger.ts
FN:29,maskHeaders
FN:36,(anonymous_2)
FN:50,reqSerializer
FN:77,(anonymous_4)
FN:86,(anonymous_5)
FN:90,(anonymous_6)
FN:98,(anonymous_7)
FN:106,(anonymous_8)
FNF:8
FNH:6
FNDA:1,maskHeaders
FNDA:0,(anonymous_2)
FNDA:1,reqSerializer
FNDA:1,(anonymous_4)
FNDA:1,(anonymous_5)
FNDA:1,(anonymous_6)
FNDA:0,(anonymous_7)
FNDA:1,(anonymous_8)
DA:2,1
DA:5,1
DA:6,1
DA:7,1
DA:9,1
DA:10,1
DA:16,1
DA:30,1
DA:31,1
DA:32,1
DA:33,3
DA:34,3
DA:36,0
DA:37,0
DA:38,0
DA:40,3
DA:43,1
DA:51,1
DA:52,1
DA:53,1
DA:55,1
DA:69,0
DA:73,1
DA:78,1
DA:79,1
DA:80,1
DA:81,1
DA:87,1
DA:88,1
DA:89,1
DA:90,1
DA:92,0
DA:99,0
DA:100,0
DA:101,0
DA:102,0
DA:107,1
DA:108,1
DA:123,1
DA:125,1
LF:40
LH:31
BRDA:30,0,0,0
BRDA:30,0,1,1
BRDA:34,1,0,0
BRDA:34,1,1,3
BRDA:36,2,0,0
BRDA:36,2,1,0
BRDA:37,3,0,0
BRDA:37,3,1,0
BRDA:56,4,0,1
BRDA:56,4,1,0
BRDA:57,5,0,1
BRDA:57,5,1,0
BRDA:58,6,0,1
BRDA:58,6,1,0
BRDA:60,7,0,1
BRDA:60,7,1,0
BRDA:60,7,2,0
BRDA:62,8,0,1
BRDA:62,8,1,0
BRDA:62,8,2,0
BRDA:62,8,3,1
BRDA:63,9,0,1
BRDA:63,9,1,0
BRDA:63,9,2,0
BRDA:63,9,3,1
BRDA:69,10,0,0
BRDA:69,10,1,0
BRDA:69,11,0,0
BRDA:69,11,1,0
BRDA:78,12,0,1
BRDA:78,12,1,1
BRDA:79,13,0,0
BRDA:79,13,1,1
BRDA:79,14,0,1
BRDA:79,14,1,0
BRDA:81,15,0,0
BRDA:81,15,1,1
BRDA:81,16,0,1
BRDA:81,16,1,0
BRDA:89,17,0,0
BRDA:89,17,1,1
BRDA:99,18,0,0
BRDA:99,18,1,0
BRDA:100,19,0,0
BRDA:100,19,1,0
BRDA:100,20,0,0
BRDA:100,20,1,0
BRDA:101,21,0,0
BRDA:101,21,1,0
BRDA:109,22,0,1
BRDA:109,22,1,0
BRDA:109,22,2,0
BRDA:111,23,0,1
BRDA:111,23,1,1
BRF:54
BRH:20
end_of_record
TN:
SF:src/modules/index.ts
FN:9,(anonymous_0)
FN:10,(anonymous_1)
FNF:2
FNH:2
FNDA:1,(anonymous_0)
FNDA:1,(anonymous_1)
DA:2,1
DA:3,1
DA:5,1
DA:7,1
DA:9,1
DA:10,1
DA:11,1
DA:12,0
DA:13,0
DA:15,1
DA:16,1
LF:11
LH:9
BRDA:11,0,0,0
BRDA:11,0,1,1
BRF:2
BRH:1
end_of_record
TN:
SF:src/modules/users/index.ts
FNF:0
FNH:0
DA:2,1
DA:3,1
LF:2
LH:2
BRF:0
BRH:0
end_of_record
TN:
SF:src/modules/users/user.routes.ts
FN:5,(anonymous_0)
FNF:1
FNH:0
FNDA:0,(anonymous_0)
DA:1,1
DA:4,1
DA:5,1
DA:6,1
DA:7,1
LF:5
LH:5
BRF:0
BRH:0
end_of_record
